C:\Program Files\Microsoft Visual Studio\2022\Community\MSBuild\Microsoft\VC\v170\Microsoft.CppBuild.targets(531,5): warning MSB8028: The intermediate directory (x64\Debug\) contains files shared from another project ((9)Encrypt Password in File.vcxproj).  This can lead to incorrect clean and rebuild behavior.
  (9)Encrypt Password in File.cpp
E:\programming advices\course 11\Bank_System\(9)Encrypt Password in File\clsString.h(39,25): warning C4267: 'return': conversion from 'size_t' to 'short', possible loss of data
  (compiling source file '(9)Encrypt%20Password%20in%20File.cpp')
  
E:\programming advices\course 11\Bank_System\(9)Encrypt Password in File\clsString.h(44,29): warning C4267: 'return': conversion from 'size_t' to 'short', possible loss of data
  (compiling source file '(9)Encrypt%20Password%20in%20File.cpp')
  
E:\programming advices\course 11\Bank_System\(9)Encrypt Password in File\clsString.h(56,30): warning C4267: '=': conversion from 'size_t' to 'short', possible loss of data
  (compiling source file '(9)Encrypt%20Password%20in%20File.cpp')
  
E:\programming advices\course 11\Bank_System\(9)Encrypt Password in File\clsString.h(193,29): warning C4267: 'return': conversion from 'size_t' to 'short', possible loss of data
  (compiling source file '(9)Encrypt%20Password%20in%20File.cpp')
  
E:\programming advices\course 11\Bank_System\(9)Encrypt Password in File\clsString.h(324,30): warning C4267: '=': conversion from 'size_t' to 'short', possible loss of data
  (compiling source file '(9)Encrypt%20Password%20in%20File.cpp')
  
E:\programming advices\course 11\Bank_System\(9)Encrypt Password in File\clsString.h(372,22): warning C4267: 'initializing': conversion from 'size_t' to 'short', possible loss of data
  (compiling source file '(9)Encrypt%20Password%20in%20File.cpp')
  
E:\programming advices\course 11\Bank_System\(9)Encrypt Password in File\clsUtil.h(64,5): warning C4102: 'defualt': unreferenced label
  (compiling source file '(9)Encrypt%20Password%20in%20File.cpp')
  
E:\programming advices\course 11\Bank_System\(9)Encrypt Password in File\clsUser.h(188,12): warning C4240: nonstandard extension used: access to 'clsUser::stLoginRegisterRecord' now defined to be 'public', previously it was defined to be 'private'
  (compiling source file '(9)Encrypt%20Password%20in%20File.cpp')
  E:\programming advices\course 11\Bank_System\(9)Encrypt Password in File\clsUser.h(24,12):
  see declaration of 'clsUser::stLoginRegisterRecord'
  
E:\programming advices\course 11\Bank_System\(9)Encrypt Password in File\clsInputValidate.h(123,16): warning C4244: 'initializing': conversion from 'double' to 'float', possible loss of data
  (compiling source file '(9)Encrypt%20Password%20in%20File.cpp')
  
E:\programming advices\course 11\Bank_System\(9)Encrypt Password in File\clsInputValidate.h(127,26): warning C4244: '=': conversion from 'double' to 'float', possible loss of data
  (compiling source file '(9)Encrypt%20Password%20in%20File.cpp')
  
E:\programming advices\course 11\Bank_System\(9)Encrypt Password in File\clsBankClient.h(198,12): warning C4240: nonstandard extension used: access to 'clsBankClient::stTransferLogRecord' now defined to be 'public', previously it was defined to be 'private'
  (compiling source file '(9)Encrypt%20Password%20in%20File.cpp')
  E:\programming advices\course 11\Bank_System\(9)Encrypt Password in File\clsBankClient.h(179,12):
  see declaration of 'clsBankClient::stTransferLogRecord'
  
E:\programming advices\course 11\Bank_System\(9)Encrypt Password in File\clsBankClient.h(28,65): warning C4244: 'argument': conversion from 'double' to 'float', possible loss of data
  (compiling source file '(9)Encrypt%20Password%20in%20File.cpp')
  
E:\programming advices\course 11\Bank_System\(9)Encrypt Password in File\clsBankClient.h(188,39): warning C4244: '=': conversion from 'double' to 'float', possible loss of data
  (compiling source file '(9)Encrypt%20Password%20in%20File.cpp')
  
E:\programming advices\course 11\Bank_System\(9)Encrypt Password in File\clsBankClient.h(189,48): warning C4244: '=': conversion from 'double' to 'float', possible loss of data
  (compiling source file '(9)Encrypt%20Password%20in%20File.cpp')
  
E:\programming advices\course 11\Bank_System\(9)Encrypt Password in File\clsBankClient.h(190,49): warning C4244: '=': conversion from 'double' to 'float', possible loss of data
  (compiling source file '(9)Encrypt%20Password%20in%20File.cpp')
  
E:\programming advices\course 11\Bank_System\(9)Encrypt Password in File\clsBankClient.h(425,28): warning C4244: '+=': conversion from 'double' to 'float', possible loss of data
  (compiling source file '(9)Encrypt%20Password%20in%20File.cpp')
  
E:\programming advices\course 11\Bank_System\(9)Encrypt Password in File\clsBankClient.h(437,32): warning C4244: '-=': conversion from 'double' to 'float', possible loss of data
  (compiling source file '(9)Encrypt%20Password%20in%20File.cpp')
  
E:\programming advices\course 11\Bank_System\(9)Encrypt Password in File\clsAddNewClientScreen.h(26,60): warning C4244: 'argument': conversion from 'double' to 'float', possible loss of data
  (compiling source file '(9)Encrypt%20Password%20in%20File.cpp')
  
E:\programming advices\course 11\Bank_System\(9)Encrypt Password in File\clsUpdateClientScreen.h(24,60): warning C4244: 'argument': conversion from 'double' to 'float', possible loss of data
  (compiling source file '(9)Encrypt%20Password%20in%20File.cpp')
  
E:\programming advices\course 11\Bank_System\(9)Encrypt Password in File\clsTotalBalancesScreen.h(54,76): warning C4244: 'argument': conversion from 'double' to 'int', possible loss of data
  (compiling source file '(9)Encrypt%20Password%20in%20File.cpp')
  
E:\programming advices\course 11\Bank_System\(9)Encrypt Password in File\clsTransferScreen.h(38,51): warning C4244: '=': conversion from 'double' to 'float', possible loss of data
  (compiling source file '(9)Encrypt%20Password%20in%20File.cpp')
  
E:\programming advices\course 11\Bank_System\(9)Encrypt Password in File\clsTransferScreen.h(42,53): warning C4244: '=': conversion from 'double' to 'float', possible loss of data
  (compiling source file '(9)Encrypt%20Password%20in%20File.cpp')
  
E:\programming advices\course 11\Bank_System\(9)Encrypt Password in File\clsBankClient.h(368,1): warning C4715: 'clsBankClient::Save': not all control paths return a value
E:\programming advices\course 11\Bank_System\(9)Encrypt Password in File\clsBankClient.h(440,1): warning C4715: 'clsBankClient::Withdraw': not all control paths return a value
E:\programming advices\course 11\Bank_System\(9)Encrypt Password in File\clsUser.h(348,1): warning C4715: 'clsUser::Save': not all control paths return a value
  (9)Encrypt Password in File.vcxproj -> E:\programming advices\course 11\Bank_System\x64\Debug\Bank_System.exe
